C51 COMPILER V9.54   MAIN                                                                  04/27/2021 16:52:35 PAGE 1   


C51 COMPILER V9.54, COMPILATION OF MODULE MAIN
OBJECT MODULE PLACED IN .\Objects\main.obj
COMPILER INVOKED BY: E:\embeded\Keil_v5\C51\BIN\C51.EXE main.c OPTIMIZE(8,SPEED) BROWSE DEBUG OBJECTEXTEND PRINT(.\Listi
                    -ngs\main.lst) OBJECT(.\Objects\main.obj)

line level    source

   1          #include <REGX52.H>
   2          #include "delay.h"
   3          #include "LCD1602.h"
   4          #include "status.h"
   5          
   6          int el=0, er=0, up=0, down=0;
   7          
   8          typedef struct Elevator
   9          {
  10              unsigned int index;
  11              unsigned int floor;
  12              unsigned int status;
  13          }Elev;
  14          
  15          Elev leftElev, rightElev;
  16          
  17          void showElevStatus(Elev elev);
  18          
  19          void init()
  20          {
  21   1          LCD_Init();
  22   1      
  23   1          leftElev.index=LEFT;
  24   1          leftElev.floor=1;
  25   1          leftElev.status=STILL;
  26   1          showElevStatus(leftElev);
  27   1      
  28   1          rightElev.index=RIGHT;
  29   1          rightElev.floor=1;
  30   1          rightElev.status=STILL;
  31   1          showElevStatus(rightElev);
  32   1          
  33   1      }
  34          
  35          void showIndicators()
  36          {
  37   1          unsigned int i;
  38   1          for(i=0;i<8;i++)
  39   1          {
  40   2      
  41   2          }
  42   1      }
  43          
  44          void showElevStatus(Elev elev)
  45          {
  46   1          switch (elev.index)
  47   1          {
  48   2          case LEFT:
  49   2              showStatus(LEFT, elev.status, elev.floor);
  50   2              break;
  51   2          case RIGHT:
  52   2              showStatus(RIGHT, elev.status, elev.floor);
  53   2              break;
  54   2          }
C51 COMPILER V9.54   MAIN                                                                  04/27/2021 16:52:35 PAGE 2   

  55   1      }
  56          
  57          void main()
  58          {
  59   1          // init();
  60   1          // while (1)
  61   1          // {
  62   1          //     showIndicators();
  63   1          // }
  64   1          LCD_Init();
  65   1          delay(3000);
  66   1          showStatus(LEFT, UP, 4);
  67   1          delay(3000);
  68   1          showStatus(RIGHT, DOWN, 8);
  69   1          delay(3000);
  70   1          showStatus(LEFT, STILL, 1);
  71   1          while (1)
  72   1          {
  73   2              ;
  74   2          }
  75   1          
  76   1      }


MODULE INFORMATION:   STATIC OVERLAYABLE
   CODE SIZE        =    200    ----
   CONSTANT SIZE    =   ----    ----
   XDATA SIZE       =   ----    ----
   PDATA SIZE       =   ----    ----
   DATA SIZE        =     20       6
   IDATA SIZE       =   ----    ----
   BIT SIZE         =   ----    ----
END OF MODULE INFORMATION.


C51 COMPILATION COMPLETE.  0 WARNING(S),  0 ERROR(S)
